<?xml version="1.0" encoding="UTF-8"?>
<testsuite xmlns:xsi="http://www.w3.org/2001/XMLSchema-instance" xsi:noNamespaceSchemaLocation="https://maven.apache.org/surefire/maven-surefire-plugin/xsd/surefire-test-report-3.0.xsd" version="3.0" name="TestSuite" time="53.706" tests="3" errors="0" skipped="0" failures="0">
  <properties>
    <property name="java.specification.version" value="14"/>
    <property name="sun.jnu.encoding" value="UTF-8"/>
    <property name="java.class.path" value="/home/islam/PC/eclipse-workspace/BaseProject/target/test-classes:/home/islam/PC/eclipse-workspace/BaseProject/target/classes:/home/islam/.m2/repository/org/seleniumhq/selenium/selenium-java/3.14.0/selenium-java-3.14.0.jar:/home/islam/.m2/repository/org/seleniumhq/selenium/selenium-edge-driver/3.14.0/selenium-edge-driver-3.14.0.jar:/home/islam/.m2/repository/org/seleniumhq/selenium/selenium-firefox-driver/3.14.0/selenium-firefox-driver-3.14.0.jar:/home/islam/.m2/repository/org/seleniumhq/selenium/selenium-ie-driver/3.14.0/selenium-ie-driver-3.14.0.jar:/home/islam/.m2/repository/org/seleniumhq/selenium/selenium-opera-driver/3.14.0/selenium-opera-driver-3.14.0.jar:/home/islam/.m2/repository/org/seleniumhq/selenium/selenium-safari-driver/3.14.0/selenium-safari-driver-3.14.0.jar:/home/islam/.m2/repository/org/seleniumhq/selenium/selenium-support/3.14.0/selenium-support-3.14.0.jar:/home/islam/.m2/repository/net/bytebuddy/byte-buddy/1.8.15/byte-buddy-1.8.15.jar:/home/islam/.m2/repository/org/apache/commons/commons-exec/1.3/commons-exec-1.3.jar:/home/islam/.m2/repository/commons-codec/commons-codec/1.10/commons-codec-1.10.jar:/home/islam/.m2/repository/commons-logging/commons-logging/1.2/commons-logging-1.2.jar:/home/islam/.m2/repository/com/google/guava/guava/25.0-jre/guava-25.0-jre.jar:/home/islam/.m2/repository/com/google/code/findbugs/jsr305/1.3.9/jsr305-1.3.9.jar:/home/islam/.m2/repository/org/checkerframework/checker-compat-qual/2.0.0/checker-compat-qual-2.0.0.jar:/home/islam/.m2/repository/com/google/errorprone/error_prone_annotations/2.1.3/error_prone_annotations-2.1.3.jar:/home/islam/.m2/repository/com/google/j2objc/j2objc-annotations/1.1/j2objc-annotations-1.1.jar:/home/islam/.m2/repository/org/codehaus/mojo/animal-sniffer-annotations/1.14/animal-sniffer-annotations-1.14.jar:/home/islam/.m2/repository/org/apache/httpcomponents/httpcore/4.4.9/httpcore-4.4.9.jar:/home/islam/.m2/repository/com/squareup/okhttp3/okhttp/3.10.0/okhttp-3.10.0.jar:/home/islam/.m2/repository/com/squareup/okio/okio/1.14.1/okio-1.14.1.jar:/home/islam/.m2/repository/org/testng/testng/7.0.0/testng-7.0.0.jar:/home/islam/.m2/repository/com/beust/jcommander/1.72/jcommander-1.72.jar:/home/islam/.m2/repository/org/apache/httpcomponents/httpclient/4.5.10/httpclient-4.5.10.jar:/home/islam/.m2/repository/org/seleniumhq/selenium/selenium-chrome-driver/3.141.5/selenium-chrome-driver-3.141.5.jar:/home/islam/.m2/repository/org/seleniumhq/selenium/selenium-api/3.141.5/selenium-api-3.141.5.jar:/home/islam/.m2/repository/org/seleniumhq/selenium/selenium-remote-driver/3.141.5/selenium-remote-driver-3.141.5.jar:/home/islam/.m2/repository/io/appium/java-client/6.1.0/java-client-6.1.0.jar:/home/islam/.m2/repository/com/google/code/gson/gson/2.8.4/gson-2.8.4.jar:/home/islam/.m2/repository/cglib/cglib/3.2.6/cglib-3.2.6.jar:/home/islam/.m2/repository/org/ow2/asm/asm/6.0/asm-6.0.jar:/home/islam/.m2/repository/org/apache/ant/ant/1.9.6/ant-1.9.6.jar:/home/islam/.m2/repository/org/apache/ant/ant-launcher/1.9.6/ant-launcher-1.9.6.jar:/home/islam/.m2/repository/commons-validator/commons-validator/1.6/commons-validator-1.6.jar:/home/islam/.m2/repository/commons-beanutils/commons-beanutils/1.9.2/commons-beanutils-1.9.2.jar:/home/islam/.m2/repository/commons-digester/commons-digester/1.8.1/commons-digester-1.8.1.jar:/home/islam/.m2/repository/commons-collections/commons-collections/3.2.2/commons-collections-3.2.2.jar:/home/islam/.m2/repository/org/apache/commons/commons-lang3/3.7/commons-lang3-3.7.jar:/home/islam/.m2/repository/commons-io/commons-io/2.6/commons-io-2.6.jar:/home/islam/.m2/repository/org/springframework/spring-context/5.0.5.RELEASE/spring-context-5.0.5.RELEASE.jar:/home/islam/.m2/repository/org/springframework/spring-aop/5.0.5.RELEASE/spring-aop-5.0.5.RELEASE.jar:/home/islam/.m2/repository/org/springframework/spring-beans/5.0.5.RELEASE/spring-beans-5.0.5.RELEASE.jar:/home/islam/.m2/repository/org/springframework/spring-core/5.0.5.RELEASE/spring-core-5.0.5.RELEASE.jar:/home/islam/.m2/repository/org/springframework/spring-jcl/5.0.5.RELEASE/spring-jcl-5.0.5.RELEASE.jar:/home/islam/.m2/repository/org/springframework/spring-expression/5.0.5.RELEASE/spring-expression-5.0.5.RELEASE.jar:/home/islam/.m2/repository/org/aspectj/aspectjweaver/1.9.1/aspectjweaver-1.9.1.jar:/home/islam/.m2/repository/org/openpnp/opencv/3.2.0-1/opencv-3.2.0-1.jar:/home/islam/.m2/repository/com/github/javafaker/javafaker/1.0.2/javafaker-1.0.2.jar:/home/islam/.m2/repository/org/yaml/snakeyaml/1.23/snakeyaml-1.23-android.jar:/home/islam/.m2/repository/com/github/mifmif/generex/1.0.2/generex-1.0.2.jar:/home/islam/.m2/repository/dk/brics/automaton/automaton/1.11-8/automaton-1.11-8.jar:/home/islam/.m2/repository/com/googlecode/json-simple/json-simple/1.1.1/json-simple-1.1.1.jar:/home/islam/.m2/repository/junit/junit/4.10/junit-4.10.jar:/home/islam/.m2/repository/org/hamcrest/hamcrest-core/1.1/hamcrest-core-1.1.jar:/home/islam/.m2/repository/io/cucumber/cucumber-core/6.1.1/cucumber-core-6.1.1.jar:/home/islam/.m2/repository/io/cucumber/cucumber-gherkin/6.1.1/cucumber-gherkin-6.1.1.jar:/home/islam/.m2/repository/io/cucumber/cucumber-gherkin-messages/6.1.1/cucumber-gherkin-messages-6.1.1.jar:/home/islam/.m2/repository/io/cucumber/messages/12.1.1/messages-12.1.1.jar:/home/islam/.m2/repository/io/cucumber/tag-expressions/3.0.0/tag-expressions-3.0.0.jar:/home/islam/.m2/repository/io/cucumber/cucumber-expressions/10.2.0/cucumber-expressions-10.2.0.jar:/home/islam/.m2/repository/io/cucumber/datatable/3.3.1/datatable-3.3.1.jar:/home/islam/.m2/repository/io/cucumber/cucumber-plugin/6.1.1/cucumber-plugin-6.1.1.jar:/home/islam/.m2/repository/io/cucumber/docstring/6.1.1/docstring-6.1.1.jar:/home/islam/.m2/repository/io/cucumber/html-formatter/6.0.3/html-formatter-6.0.3.jar:/home/islam/.m2/repository/org/apiguardian/apiguardian-api/1.1.0/apiguardian-api-1.1.0.jar:/home/islam/.m2/repository/io/cucumber/cucumber-java/6.1.1/cucumber-java-6.1.1.jar:/home/islam/.m2/repository/io/cucumber/cucumber-testng/6.1.1/cucumber-testng-6.1.1.jar:/home/islam/.m2/repository/io/cucumber/gherkin/13.0.0/gherkin-13.0.0.jar:"/>
    <property name="java.vm.vendor" value="Oracle Corporation"/>
    <property name="sun.arch.data.model" value="64"/>
    <property name="java.vendor.url" value="https://java.oracle.com/"/>
    <property name="user.timezone" value="Africa/Cairo"/>
    <property name="os.name" value="Linux"/>
    <property name="java.vm.specification.version" value="14"/>
    <property name="sun.java.launcher" value="SUN_STANDARD"/>
    <property name="user.country" value="US"/>
    <property name="sun.boot.library.path" value="/usr/lib/jvm/java-14-oracle/lib"/>
    <property name="sun.java.command" value="/home/islam/PC/eclipse-workspace/BaseProject/target/surefire/surefirebooter11842508736975018058.jar /home/islam/PC/eclipse-workspace/BaseProject/target/surefire 2020-07-01T13-13-50_522-jvmRun1 surefire5287943124762595674tmp surefire_07433095866916982609tmp"/>
    <property name="jdk.debug" value="release"/>
    <property name="surefire.test.class.path" value="/home/islam/PC/eclipse-workspace/BaseProject/target/test-classes:/home/islam/PC/eclipse-workspace/BaseProject/target/classes:/home/islam/.m2/repository/org/seleniumhq/selenium/selenium-java/3.14.0/selenium-java-3.14.0.jar:/home/islam/.m2/repository/org/seleniumhq/selenium/selenium-edge-driver/3.14.0/selenium-edge-driver-3.14.0.jar:/home/islam/.m2/repository/org/seleniumhq/selenium/selenium-firefox-driver/3.14.0/selenium-firefox-driver-3.14.0.jar:/home/islam/.m2/repository/org/seleniumhq/selenium/selenium-ie-driver/3.14.0/selenium-ie-driver-3.14.0.jar:/home/islam/.m2/repository/org/seleniumhq/selenium/selenium-opera-driver/3.14.0/selenium-opera-driver-3.14.0.jar:/home/islam/.m2/repository/org/seleniumhq/selenium/selenium-safari-driver/3.14.0/selenium-safari-driver-3.14.0.jar:/home/islam/.m2/repository/org/seleniumhq/selenium/selenium-support/3.14.0/selenium-support-3.14.0.jar:/home/islam/.m2/repository/net/bytebuddy/byte-buddy/1.8.15/byte-buddy-1.8.15.jar:/home/islam/.m2/repository/org/apache/commons/commons-exec/1.3/commons-exec-1.3.jar:/home/islam/.m2/repository/commons-codec/commons-codec/1.10/commons-codec-1.10.jar:/home/islam/.m2/repository/commons-logging/commons-logging/1.2/commons-logging-1.2.jar:/home/islam/.m2/repository/com/google/guava/guava/25.0-jre/guava-25.0-jre.jar:/home/islam/.m2/repository/com/google/code/findbugs/jsr305/1.3.9/jsr305-1.3.9.jar:/home/islam/.m2/repository/org/checkerframework/checker-compat-qual/2.0.0/checker-compat-qual-2.0.0.jar:/home/islam/.m2/repository/com/google/errorprone/error_prone_annotations/2.1.3/error_prone_annotations-2.1.3.jar:/home/islam/.m2/repository/com/google/j2objc/j2objc-annotations/1.1/j2objc-annotations-1.1.jar:/home/islam/.m2/repository/org/codehaus/mojo/animal-sniffer-annotations/1.14/animal-sniffer-annotations-1.14.jar:/home/islam/.m2/repository/org/apache/httpcomponents/httpcore/4.4.9/httpcore-4.4.9.jar:/home/islam/.m2/repository/com/squareup/okhttp3/okhttp/3.10.0/okhttp-3.10.0.jar:/home/islam/.m2/repository/com/squareup/okio/okio/1.14.1/okio-1.14.1.jar:/home/islam/.m2/repository/org/testng/testng/7.0.0/testng-7.0.0.jar:/home/islam/.m2/repository/com/beust/jcommander/1.72/jcommander-1.72.jar:/home/islam/.m2/repository/org/apache/httpcomponents/httpclient/4.5.10/httpclient-4.5.10.jar:/home/islam/.m2/repository/org/seleniumhq/selenium/selenium-chrome-driver/3.141.5/selenium-chrome-driver-3.141.5.jar:/home/islam/.m2/repository/org/seleniumhq/selenium/selenium-api/3.141.5/selenium-api-3.141.5.jar:/home/islam/.m2/repository/org/seleniumhq/selenium/selenium-remote-driver/3.141.5/selenium-remote-driver-3.141.5.jar:/home/islam/.m2/repository/io/appium/java-client/6.1.0/java-client-6.1.0.jar:/home/islam/.m2/repository/com/google/code/gson/gson/2.8.4/gson-2.8.4.jar:/home/islam/.m2/repository/cglib/cglib/3.2.6/cglib-3.2.6.jar:/home/islam/.m2/repository/org/ow2/asm/asm/6.0/asm-6.0.jar:/home/islam/.m2/repository/org/apache/ant/ant/1.9.6/ant-1.9.6.jar:/home/islam/.m2/repository/org/apache/ant/ant-launcher/1.9.6/ant-launcher-1.9.6.jar:/home/islam/.m2/repository/commons-validator/commons-validator/1.6/commons-validator-1.6.jar:/home/islam/.m2/repository/commons-beanutils/commons-beanutils/1.9.2/commons-beanutils-1.9.2.jar:/home/islam/.m2/repository/commons-digester/commons-digester/1.8.1/commons-digester-1.8.1.jar:/home/islam/.m2/repository/commons-collections/commons-collections/3.2.2/commons-collections-3.2.2.jar:/home/islam/.m2/repository/org/apache/commons/commons-lang3/3.7/commons-lang3-3.7.jar:/home/islam/.m2/repository/commons-io/commons-io/2.6/commons-io-2.6.jar:/home/islam/.m2/repository/org/springframework/spring-context/5.0.5.RELEASE/spring-context-5.0.5.RELEASE.jar:/home/islam/.m2/repository/org/springframework/spring-aop/5.0.5.RELEASE/spring-aop-5.0.5.RELEASE.jar:/home/islam/.m2/repository/org/springframework/spring-beans/5.0.5.RELEASE/spring-beans-5.0.5.RELEASE.jar:/home/islam/.m2/repository/org/springframework/spring-core/5.0.5.RELEASE/spring-core-5.0.5.RELEASE.jar:/home/islam/.m2/repository/org/springframework/spring-jcl/5.0.5.RELEASE/spring-jcl-5.0.5.RELEASE.jar:/home/islam/.m2/repository/org/springframework/spring-expression/5.0.5.RELEASE/spring-expression-5.0.5.RELEASE.jar:/home/islam/.m2/repository/org/aspectj/aspectjweaver/1.9.1/aspectjweaver-1.9.1.jar:/home/islam/.m2/repository/org/openpnp/opencv/3.2.0-1/opencv-3.2.0-1.jar:/home/islam/.m2/repository/com/github/javafaker/javafaker/1.0.2/javafaker-1.0.2.jar:/home/islam/.m2/repository/org/yaml/snakeyaml/1.23/snakeyaml-1.23-android.jar:/home/islam/.m2/repository/com/github/mifmif/generex/1.0.2/generex-1.0.2.jar:/home/islam/.m2/repository/dk/brics/automaton/automaton/1.11-8/automaton-1.11-8.jar:/home/islam/.m2/repository/com/googlecode/json-simple/json-simple/1.1.1/json-simple-1.1.1.jar:/home/islam/.m2/repository/junit/junit/4.10/junit-4.10.jar:/home/islam/.m2/repository/org/hamcrest/hamcrest-core/1.1/hamcrest-core-1.1.jar:/home/islam/.m2/repository/io/cucumber/cucumber-core/6.1.1/cucumber-core-6.1.1.jar:/home/islam/.m2/repository/io/cucumber/cucumber-gherkin/6.1.1/cucumber-gherkin-6.1.1.jar:/home/islam/.m2/repository/io/cucumber/cucumber-gherkin-messages/6.1.1/cucumber-gherkin-messages-6.1.1.jar:/home/islam/.m2/repository/io/cucumber/messages/12.1.1/messages-12.1.1.jar:/home/islam/.m2/repository/io/cucumber/tag-expressions/3.0.0/tag-expressions-3.0.0.jar:/home/islam/.m2/repository/io/cucumber/cucumber-expressions/10.2.0/cucumber-expressions-10.2.0.jar:/home/islam/.m2/repository/io/cucumber/datatable/3.3.1/datatable-3.3.1.jar:/home/islam/.m2/repository/io/cucumber/cucumber-plugin/6.1.1/cucumber-plugin-6.1.1.jar:/home/islam/.m2/repository/io/cucumber/docstring/6.1.1/docstring-6.1.1.jar:/home/islam/.m2/repository/io/cucumber/html-formatter/6.0.3/html-formatter-6.0.3.jar:/home/islam/.m2/repository/org/apiguardian/apiguardian-api/1.1.0/apiguardian-api-1.1.0.jar:/home/islam/.m2/repository/io/cucumber/cucumber-java/6.1.1/cucumber-java-6.1.1.jar:/home/islam/.m2/repository/io/cucumber/cucumber-testng/6.1.1/cucumber-testng-6.1.1.jar:/home/islam/.m2/repository/io/cucumber/gherkin/13.0.0/gherkin-13.0.0.jar:"/>
    <property name="sun.cpu.endian" value="little"/>
    <property name="user.home" value="/home/islam"/>
    <property name="user.language" value="en"/>
    <property name="java.specification.vendor" value="Oracle Corporation"/>
    <property name="java.version.date" value="2020-04-14"/>
    <property name="java.home" value="/usr/lib/jvm/java-14-oracle"/>
    <property name="file.separator" value="/"/>
    <property name="basedir" value="/home/islam/PC/eclipse-workspace/BaseProject"/>
    <property name="java.vm.compressedOopsMode" value="32-bit"/>
    <property name="line.separator" value="&#10;"/>
    <property name="java.vm.specification.vendor" value="Oracle Corporation"/>
    <property name="java.specification.name" value="Java Platform API Specification"/>
    <property name="surefire.real.class.path" value="/home/islam/PC/eclipse-workspace/BaseProject/target/surefire/surefirebooter11842508736975018058.jar"/>
    <property name="sun.management.compiler" value="HotSpot 64-Bit Tiered Compilers"/>
    <property name="java.runtime.version" value="14.0.1+7"/>
    <property name="user.name" value="islam"/>
    <property name="path.separator" value=":"/>
    <property name="os.version" value="5.4.0-39-generic"/>
    <property name="java.runtime.name" value="Java(TM) SE Runtime Environment"/>
    <property name="file.encoding" value="UTF-8"/>
    <property name="java.vm.name" value="Java HotSpot(TM) 64-Bit Server VM"/>
    <property name="localRepository" value="/home/islam/.m2/repository"/>
    <property name="java.vendor.url.bug" value="https://bugreport.java.com/bugreport/"/>
    <property name="java.io.tmpdir" value="/tmp"/>
    <property name="java.version" value="14.0.1"/>
    <property name="user.dir" value="/home/islam/PC/eclipse-workspace/BaseProject"/>
    <property name="os.arch" value="amd64"/>
    <property name="webdriver.gecko.driver" value="/home/islam/PC/eclipse-workspace/BaseProject/drivers/geckodriver"/>
    <property name="java.vm.specification.name" value="Java Virtual Machine Specification"/>
    <property name="java.library.path" value="/usr/java/packages/lib:/usr/lib64:/lib64:/lib:/usr/lib"/>
    <property name="java.vm.info" value="mixed mode, sharing"/>
    <property name="java.vendor" value="Oracle Corporation"/>
    <property name="java.vm.version" value="14.0.1+7"/>
    <property name="sun.io.unicode.encoding" value="UnicodeLittle"/>
    <property name="java.class.version" value="58.0"/>
  </properties>
  <testcase name="userRegistration" classname="Test.UserRegistrationTestDDTUsingFakerLibrary" time="9.341"/>
  <testcase name="closeTheNotification_test" classname="Test.UserRegistrationTestDDTUsingFakerLibrary" time="0.293"/>
  <testcase name="userLogout" classname="Test.UserRegistrationTestDDTUsingFakerLibrary" time="5.797"/>
</testsuite>