<?xml version="1.0" encoding="UTF-8"?>
<!-- Generated by org.testng.reporters.JUnitReportReporter -->
<testsuite hostname="islam-Inspiron-5570" failures="0" tests="1" name="Test.UserLoginTest" time="7.892" errors="0" timestamp="2020-06-06T23:56:20 EET" skipped="0">
  <testcase classname="Test.UserLoginTest" name="UserLogin" time="7.892"/>
</testsuite> <!-- Test.UserLoginTest -->
