<?xml version="1.0" encoding="UTF-8"?>
<!-- Generated by org.testng.reporters.JUnitReportReporter -->
<testsuite hostname="islam-Inspiron-5570" failures="0" tests="1" name="Test.ContactUSinParallel" time="5.348" errors="0" timestamp="2020-07-19T20:19:26 EET" skipped="0">
  <testcase classname="Test.ContactUSinParallel" name="insertTheINFtoContactUs" time="5.348"/>
</testsuite> <!-- Test.ContactUSinParallel -->
