<?xml version="1.0" encoding="UTF-8"?>
<!-- Generated by org.testng.reporters.JUnitReportReporter -->
<testsuite hostname="islam-Inspiron-5570" failures="0" tests="1" name="Test.UserRegistrationTestUsingDataProvider" time="8.393" errors="0" timestamp="2020-06-07T19:29:10 EET" skipped="0">
  <testcase classname="Test.UserRegistrationTestUsingDataProvider" name="userRegistration" time="8.393"/>
</testsuite> <!-- Test.UserRegistrationTestUsingDataProvider -->
