<?xml version="1.0" encoding="UTF-8"?>
<!-- Generated by org.testng.reporters.JUnitReportReporter -->
<testsuite hostname="islam-Inspiron-5570" failures="0" tests="1" name="Test.SearchPageTest" time="9.976" errors="0" timestamp="2020-06-06T23:56:20 EET" skipped="0">
  <testcase classname="Test.SearchPageTest" name="openTheSearchPage" time="9.976"/>
</testsuite> <!-- Test.SearchPageTest -->
