<?xml version="1.0" encoding="UTF-8"?>
<!-- Generated by org.testng.reporters.JUnitReportReporter -->
<testsuite hostname="islam-Inspiron-5570" failures="0" tests="3" name="Test.UserRegistrationTestDDTUsingFakerLibrary" time="14.338" errors="0" timestamp="2020-06-26T13:08:17 EET" skipped="0">
  <testcase classname="Test.UserRegistrationTestDDTUsingFakerLibrary" name="userRegistration" time="9.046"/>
  <testcase classname="Test.UserRegistrationTestDDTUsingFakerLibrary" name="closeTheNotification_test" time="0.104"/>
  <testcase classname="Test.UserRegistrationTestDDTUsingFakerLibrary" name="userLogout" time="5.188"/>
</testsuite> <!-- Test.UserRegistrationTestDDTUsingFakerLibrary -->
