<?xml version="1.0" encoding="UTF-8"?>
<!-- Generated by org.testng.reporters.JUnitReportReporter -->
<testsuite hostname="islam-Inspiron-5570" failures="0" tests="1" name="Test.UserLoginTestinparallel" time="5.468" errors="0" timestamp="2020-07-19T20:18:02 EET" skipped="0">
  <testcase classname="Test.UserLoginTestinparallel" name="UserLogin" time="5.468"/>
</testsuite> <!-- Test.UserLoginTestinparallel -->
