<?xml version="1.0" encoding="UTF-8"?>
<!-- Generated by org.testng.reporters.JUnitReportReporter -->
<testsuite hostname="islam-Inspiron-5570" failures="0" tests="1" name="Test.ContactUSinParallel" time="6.217" errors="0" timestamp="2020-07-22T13:18:21 EET" skipped="0">
  <testcase classname="Test.ContactUSinParallel" name="insertTheINFtoContactUs" time="6.217"/>
</testsuite> <!-- Test.ContactUSinParallel -->
