<?xml version="1.0" encoding="UTF-8"?>
<!-- Generated by org.testng.reporters.JUnitReportReporter -->
<testsuite hostname="islam-Inspiron-5570" failures="0" tests="1" name="Test.UserRegistrationTestDDTUsingDataProvider" time="8.785" errors="0" timestamp="2020-06-08T21:28:02 EET" skipped="0">
  <testcase classname="Test.UserRegistrationTestDDTUsingDataProvider" name="userRegistration" time="8.785"/>
</testsuite> <!-- Test.UserRegistrationTestDDTUsingDataProvider -->
