<?xml version="1.0" encoding="UTF-8"?>
<!-- Generated by org.testng.reporters.JUnitReportReporter -->
<testsuite hostname="islam-Inspiron-5570" failures="0" tests="3" name="Test.UserRegistrationTestDDTUsingJSON" time="16.618" errors="0" timestamp="2020-06-12T20:20:49 EET" skipped="0">
  <testcase classname="Test.UserRegistrationTestDDTUsingJSON" name="closeTheNotification_test" time="0.280"/>
  <testcase classname="Test.UserRegistrationTestDDTUsingJSON" name="userLogout" time="6.504"/>
  <testcase classname="Test.UserRegistrationTestDDTUsingJSON" name="userRegistration" time="9.834"/>
</testsuite> <!-- Test.UserRegistrationTestDDTUsingJSON -->
