<?xml version="1.0" encoding="UTF-8"?>
<!-- Generated by org.testng.reporters.JUnitReportReporter -->
<testsuite hostname="islam-Inspiron-5570" failures="0" tests="1" name="Test.userLoginafterLogoutTest" time="4.035" errors="0" timestamp="2020-05-30T19:54:06 EET" skipped="0">
  <testcase classname="Test.userLoginafterLogoutTest" name="UserLogin" time="4.035"/>
</testsuite> <!-- Test.userLoginafterLogoutTest -->
