<?xml version="1.0" encoding="UTF-8"?>
<!-- Generated by org.testng.reporters.JUnitReportReporter -->
<testsuite hostname="islam-Inspiron-5570" failures="0" tests="3" name="Test.UserRegistrationTestDDTUsingFakerLibrary" time="17.042" errors="0" timestamp="2020-06-30T19:37:06 EET" skipped="0">
  <testcase classname="Test.UserRegistrationTestDDTUsingFakerLibrary" name="userRegistration" time="10.855"/>
  <testcase classname="Test.UserRegistrationTestDDTUsingFakerLibrary" name="userLogout" time="5.909"/>
  <testcase classname="Test.UserRegistrationTestDDTUsingFakerLibrary" name="closeTheNotification_test" time="0.278"/>
</testsuite> <!-- Test.UserRegistrationTestDDTUsingFakerLibrary -->
