<?xml version="1.0" encoding="UTF-8"?>
<!-- Generated by org.testng.reporters.JUnitReportReporter -->
<testsuite hostname="islam-Inspiron-5570" failures="0" tests="1" name="Test.UserRegistrationTestDDTUsingPropertiesFile" time="8.064" errors="0" timestamp="2020-06-08T21:36:29 EET" skipped="0">
  <testcase classname="Test.UserRegistrationTestDDTUsingPropertiesFile" name="userRegistration" time="8.064"/>
</testsuite> <!-- Test.UserRegistrationTestDDTUsingPropertiesFile -->
