<?xml version="1.0" encoding="UTF-8"?>
<!-- Generated by org.testng.reporters.JUnitReportReporter -->
<testsuite hostname="islam-Inspiron-5570" failures="0" tests="1" name="Test.MyAccountTest" time="8.861" errors="0" timestamp="2020-06-06T23:54:53 EET" skipped="0">
  <testcase classname="Test.MyAccountTest" name="openUserAccount" time="8.861"/>
</testsuite> <!-- Test.MyAccountTest -->
