<?xml version="1.0" encoding="UTF-8"?>
<!-- Generated by org.testng.reporters.JUnitReportReporter -->
<testsuite hostname="islam-Inspiron-5570" failures="0" tests="1" name="Test.ContactUSTest" time="6.359" errors="0" timestamp="2020-06-06T23:53:08 EET" skipped="0">
  <testcase classname="Test.ContactUSTest" name="insertTheINFtoContactUs" time="6.359"/>
</testsuite> <!-- Test.ContactUSTest -->
