<?xml version="1.0" encoding="UTF-8"?>
<!-- Generated by org.testng.reporters.JUnitReportReporter -->
<testsuite hostname="islam-Inspiron-5570" failures="0" tests="1" name="Test.UserRegistrationTestDDTUsingPropertiesFile" time="8.974" errors="0" timestamp="2020-06-11T21:19:52 EET" skipped="0">
  <testcase classname="Test.UserRegistrationTestDDTUsingPropertiesFile" name="userRegistration" time="8.974"/>
</testsuite> <!-- Test.UserRegistrationTestDDTUsingPropertiesFile -->
