<?xml version="1.0" encoding="UTF-8"?>
<!-- Generated by org.testng.reporters.JUnitReportReporter -->
<testsuite hostname="islam-Inspiron-5570" failures="0" tests="1" name="Test.UserLoginTest" time="6.631" errors="0" timestamp="2020-07-01T14:14:41 EET" skipped="0">
  <testcase classname="Test.UserLoginTest" name="UserLogin" time="6.631"/>
</testsuite> <!-- Test.UserLoginTest -->
