<?xml version="1.0" encoding="UTF-8"?>
<!-- Generated by org.testng.reporters.JUnitReportReporter -->
<testsuite hostname="islam-Inspiron-5570" failures="0" tests="1" name="Test.MyAccountTest" time="5.030" errors="0" timestamp="2020-07-01T14:14:41 EET" skipped="0">
  <testcase classname="Test.MyAccountTest" name="openUserAccount" time="5.030"/>
</testsuite> <!-- Test.MyAccountTest -->
