<?xml version="1.0" encoding="UTF-8"?>
<!-- Generated by org.testng.reporters.JUnitReportReporter -->
<testsuite hostname="islam-Inspiron-5570" failures="0" tests="3" name="Test.UserRegistrationTestDDTUsingFakerLibrary" time="15.429" errors="0" timestamp="2020-07-01T13:14:44 EET" skipped="0">
  <testcase classname="Test.UserRegistrationTestDDTUsingFakerLibrary" name="userLogout" time="5.795"/>
  <testcase classname="Test.UserRegistrationTestDDTUsingFakerLibrary" name="userRegistration" time="9.341"/>
  <testcase classname="Test.UserRegistrationTestDDTUsingFakerLibrary" name="closeTheNotification_test" time="0.293"/>
</testsuite> <!-- Test.UserRegistrationTestDDTUsingFakerLibrary -->
